# JRE version: OpenJDK Runtime Environment (11.0.10) (build 11.0.10+0-b96-7249189)
# Java VM: OpenJDK 64-Bit Server VM (11.0.10+0-b96-7249189, mixed mode, tiered, compressed oops, g1 gc, windows-amd64)
Heap:
 garbage-first heap   total 131072K, used 68109K [0x00000000a0000000, 0x0000000100000000)
  region size 1024K, 25 young (25600K), 7 survivors (7168K)
 Metaspace       used 60701K, capacity 62192K, committed 62376K, reserved 1103872K
  class space    used 7720K, capacity 8243K, committed 8268K, reserved 1048576K
GC Heap History (20 events):
Event: 1.780 GC heap before
{Heap before GC invocations=0 (full 0):
 garbage-first heap   total 131072K, used 29696K [0x00000000a0000000, 0x0000000100000000)
  region size 1024K, 24 young (24576K), 0 survivors (0K)
 Metaspace       used 9813K, capacity 10000K, committed 10112K, reserved 1058816K
  class space    used 1022K, capacity 1101K, committed 1152K, reserved 1048576K
}
Event: 1.795 GC heap after
{Heap after GC invocations=1 (full 0):
 garbage-first heap   total 131072K, used 9287K [0x00000000a0000000, 0x0000000100000000)
  region size 1024K, 3 young (3072K), 3 survivors (3072K)
 Metaspace       used 9813K, capacity 10000K, committed 10112K, reserved 1058816K
  class space    used 1022K, capacity 1101K, committed 1152K, reserved 1048576K
}
Event: 6.353 GC heap before
{Heap before GC invocations=1 (full 0):
 garbage-first heap   total 131072K, used 84039K [0x00000000a0000000, 0x0000000100000000)
  region size 1024K, 76 young (77824K), 3 survivors (3072K)
 Metaspace       used 17530K, capacity 17951K, committed 18176K, reserved 1064960K
  class space    used 2061K, capacity 2177K, committed 2304K, reserved 1048576K
}
Event: 6.411 GC heap after
{Heap after GC invocations=2 (full 0):
 garbage-first heap   total 131072K, used 15883K [0x00000000a0000000, 0x0000000100000000)
  region size 1024K, 10 young (10240K), 10 survivors (10240K)
 Metaspace       used 17530K, capacity 17951K, committed 18176K, reserved 1064960K
  class space    used 2061K, capacity 2177K, committed 2304K, reserved 1048576K
}
Event: 7.230 GC heap before
{Heap before GC invocations=2 (full 0):
 garbage-first heap   total 131072K, used 41483K [0x00000000a0000000, 0x0000000100000000)
  region size 1024K, 36 young (36864K), 10 survivors (10240K)
 Metaspace       used 20643K, capacity 21106K, committed 21296K, reserved 1069056K
  class space    used 2511K, capacity 2658K, committed 2688K, reserved 1048576K
}
Event: 7.241 GC heap after
{Heap after GC invocations=3 (full 0):
 garbage-first heap   total 131072K, used 17153K [0x00000000a0000000, 0x0000000100000000)
  region size 1024K, 2 young (2048K), 2 survivors (2048K)
 Metaspace       used 20643K, capacity 21106K, committed 21296K, reserved 1069056K
  class space    used 2511K, capacity 2658K, committed 2688K, reserved 1048576K
}
Event: 8.787 GC heap before
{Heap before GC invocations=4 (full 0):
 garbage-first heap   total 131072K, used 77569K [0x00000000a0000000, 0x0000000100000000)
  region size 1024K, 61 young (62464K), 2 survivors (2048K)
 Metaspace       used 26761K, capacity 27416K, committed 27520K, reserved 1073152K
  class space    used 3483K, capacity 3704K, committed 3712K, reserved 1048576K
}
Event: 8.792 GC heap after
{Heap after GC invocations=5 (full 0):
 garbage-first heap   total 131072K, used 18998K [0x00000000a0000000, 0x0000000100000000)
  region size 1024K, 4 young (4096K), 4 survivors (4096K)
 Metaspace       used 26761K, capacity 27416K, committed 27520K, reserved 1073152K
  class space    used 3483K, capacity 3704K, committed 3712K, reserved 1048576K
}
Event: 10.768 GC heap before
{Heap before GC invocations=5 (full 0):
 garbage-first heap   total 131072K, used 76342K [0x00000000a0000000, 0x0000000100000000)
  region size 1024K, 61 young (62464K), 4 survivors (4096K)
 Metaspace       used 35106K, capacity 35916K, committed 36048K, reserved 1081344K
  class space    used 4542K, capacity 4838K, committed 4864K, reserved 1048576K
}
Event: 10.783 GC heap after
{Heap after GC invocations=6 (full 0):
 garbage-first heap   total 131072K, used 22530K [0x00000000a0000000, 0x0000000100000000)
  region size 1024K, 7 young (7168K), 7 survivors (7168K)
 Metaspace       used 35106K, capacity 35916K, committed 36048K, reserved 1081344K
  class space    used 4542K, capacity 4838K, committed 4864K, reserved 1048576K
}
Event: 12.939 GC heap before
{Heap before GC invocations=7 (full 0):
 garbage-first heap   total 131072K, used 93186K [0x00000000a0000000, 0x0000000100000000)
  region size 1024K, 74 young (75776K), 7 survivors (7168K)
 Metaspace       used 40710K, capacity 41664K, committed 41884K, reserved 1085440K
  class space    used 5175K, capacity 5551K, committed 5632K, reserved 1048576K
}
Event: 12.954 GC heap after
{Heap after GC invocations=8 (full 0):
 garbage-first heap   total 131072K, used 27844K [0x00000000a0000000, 0x0000000100000000)
  region size 1024K, 9 young (9216K), 9 survivors (9216K)
 Metaspace       used 40710K, capacity 41664K, committed 41884K, reserved 1085440K
  class space    used 5175K, capacity 5551K, committed 5632K, reserved 1048576K
}
Event: 14.172 GC heap before
{Heap before GC invocations=8 (full 0):
 garbage-first heap   total 131072K, used 95428K [0x00000000a0000000, 0x0000000100000000)
  region size 1024K, 74 young (75776K), 9 survivors (9216K)
 Metaspace       used 45495K, capacity 46592K, committed 46876K, reserved 1089536K
  class space    used 5809K, capacity 6189K, committed 6272K, reserved 1048576K
}
Event: 14.185 GC heap after
{Heap after GC invocations=9 (full 0):
 garbage-first heap   total 131072K, used 30820K [0x00000000a0000000, 0x0000000100000000)
  region size 1024K, 4 young (4096K), 4 survivors (4096K)
 Metaspace       used 45495K, capacity 46592K, committed 46876K, reserved 1089536K
  class space    used 5809K, capacity 6189K, committed 6272K, reserved 1048576K
}
Event: 15.719 GC heap before
{Heap before GC invocations=9 (full 0):
 garbage-first heap   total 131072K, used 101476K [0x00000000a0000000, 0x0000000100000000)
  region size 1024K, 69 young (70656K), 4 survivors (4096K)
 Metaspace       used 48730K, capacity 50085K, committed 50332K, reserved 1093632K
  class space    used 6200K, capacity 6642K, committed 6656K, reserved 1048576K
}
Event: 15.729 GC heap after
{Heap after GC invocations=10 (full 0):
 garbage-first heap   total 131072K, used 41984K [0x00000000a0000000, 0x0000000100000000)
  region size 1024K, 9 young (9216K), 9 survivors (9216K)
 Metaspace       used 48730K, capacity 50085K, committed 50332K, reserved 1093632K
  class space    used 6200K, capacity 6642K, committed 6656K, reserved 1048576K
}
Event: 17.658 GC heap before
{Heap before GC invocations=10 (full 0):
 garbage-first heap   total 131072K, used 101376K [0x00000000a0000000, 0x0000000100000000)
  region size 1024K, 66 young (67584K), 9 survivors (9216K)
 Metaspace       used 56121K, capacity 57544K, committed 57756K, reserved 1099776K
  class space    used 7125K, capacity 7595K, committed 7680K, reserved 1048576K
}
Event: 17.670 GC heap after
{Heap after GC invocations=11 (full 0):
 garbage-first heap   total 131072K, used 48044K [0x00000000a0000000, 0x0000000100000000)
  region size 1024K, 5 young (5120K), 5 survivors (5120K)
 Metaspace       used 56121K, capacity 57544K, committed 57756K, reserved 1099776K
  class space    used 7125K, capacity 7595K, committed 7680K, reserved 1048576K
}
Event: 18.520 GC heap before
{Heap before GC invocations=11 (full 0):
 garbage-first heap   total 131072K, used 78764K [0x00000000a0000000, 0x0000000100000000)
  region size 1024K, 37 young (37888K), 5 survivors (5120K)
 Metaspace       used 59120K, capacity 60572K, committed 60636K, reserved 1101824K
  class space    used 7515K, capacity 8049K, committed 8064K, reserved 1048576K
}
Event: 18.530 GC heap after
{Heap after GC invocations=12 (full 0):
 garbage-first heap   total 131072K, used 50701K [0x00000000a0000000, 0x0000000100000000)
  region size 1024K, 7 young (7168K), 7 survivors (7168K)
 Metaspace       used 59120K, capacity 60572K, committed 60636K, reserved 1101824K
  class space    used 7515K, capacity 8049K, committed 8064K, reserved 1048576K
}

