# JRE version: OpenJDK Runtime Environment (11.0.10) (build 11.0.10+0-b96-7249189)
# Java VM: OpenJDK 64-Bit Server VM (11.0.10+0-b96-7249189, mixed mode, tiered, compressed oops, g1 gc, windows-amd64)
Heap:
 garbage-first heap   total 157696K, used 121015K [0x00000000a0000000, 0x0000000100000000)
  region size 1024K, 1 young (1024K), 1 survivors (1024K)
 Metaspace       used 79458K, capacity 83473K, committed 83624K, reserved 1122304K
  class space    used 10319K, capacity 11494K, committed 11596K, reserved 1048576K
GC Heap History (20 events):
Event: 45.101 GC heap after
{Heap after GC invocations=35 (full 0):
 garbage-first heap   total 131072K, used 107697K [0x00000000a0000000, 0x0000000100000000)
  region size 1024K, 1 young (1024K), 1 survivors (1024K)
 Metaspace       used 78907K, capacity 82479K, committed 82728K, reserved 1120256K
  class space    used 10250K, capacity 11343K, committed 11468K, reserved 1048576K
}
Event: 45.593 GC heap before
{Heap before GC invocations=36 (full 0):
 garbage-first heap   total 131072K, used 112817K [0x00000000a0000000, 0x0000000100000000)
  region size 1024K, 6 young (6144K), 1 survivors (1024K)
 Metaspace       used 79012K, capacity 82671K, committed 82984K, reserved 1120256K
  class space    used 10268K, capacity 11358K, committed 11468K, reserved 1048576K
}
Event: 45.597 GC heap after
{Heap after GC invocations=37 (full 0):
 garbage-first heap   total 131072K, used 109009K [0x00000000a0000000, 0x0000000100000000)
  region size 1024K, 1 young (1024K), 1 survivors (1024K)
 Metaspace       used 79012K, capacity 82671K, committed 82984K, reserved 1120256K
  class space    used 10268K, capacity 11358K, committed 11468K, reserved 1048576K
}
Event: 45.919 GC heap before
{Heap before GC invocations=37 (full 0):
 garbage-first heap   total 131072K, used 113105K [0x00000000a0000000, 0x0000000100000000)
  region size 1024K, 6 young (6144K), 1 survivors (1024K)
 Metaspace       used 79018K, capacity 82671K, committed 82984K, reserved 1120256K
  class space    used 10268K, capacity 11358K, committed 11468K, reserved 1048576K
}
Event: 45.924 GC heap after
{Heap after GC invocations=38 (full 0):
 garbage-first heap   total 131072K, used 109445K [0x00000000a0000000, 0x0000000100000000)
  region size 1024K, 1 young (1024K), 1 survivors (1024K)
 Metaspace       used 79018K, capacity 82671K, committed 82984K, reserved 1120256K
  class space    used 10268K, capacity 11358K, committed 11468K, reserved 1048576K
}
Event: 46.117 GC heap before
{Heap before GC invocations=38 (full 0):
 garbage-first heap   total 131072K, used 114565K [0x00000000a0000000, 0x0000000100000000)
  region size 1024K, 6 young (6144K), 1 survivors (1024K)
 Metaspace       used 79096K, capacity 82792K, committed 82984K, reserved 1120256K
  class space    used 10279K, capacity 11398K, committed 11468K, reserved 1048576K
}
Event: 46.121 GC heap after
{Heap after GC invocations=39 (full 0):
 garbage-first heap   total 131072K, used 110711K [0x00000000a0000000, 0x0000000100000000)
  region size 1024K, 1 young (1024K), 1 survivors (1024K)
 Metaspace       used 79096K, capacity 82792K, committed 82984K, reserved 1120256K
  class space    used 10279K, capacity 11398K, committed 11468K, reserved 1048576K
}
Event: 46.262 GC heap before
{Heap before GC invocations=40 (full 0):
 garbage-first heap   total 131072K, used 115831K [0x00000000a0000000, 0x0000000100000000)
  region size 1024K, 6 young (6144K), 1 survivors (1024K)
 Metaspace       used 79163K, capacity 83009K, committed 83240K, reserved 1122304K
  class space    used 10286K, capacity 11406K, committed 11468K, reserved 1048576K
}
Event: 46.265 GC heap after
{Heap after GC invocations=41 (full 0):
 garbage-first heap   total 131072K, used 111429K [0x00000000a0000000, 0x0000000100000000)
  region size 1024K, 1 young (1024K), 1 survivors (1024K)
 Metaspace       used 79163K, capacity 83009K, committed 83240K, reserved 1122304K
  class space    used 10286K, capacity 11406K, committed 11468K, reserved 1048576K
}
Event: 46.349 GC heap before
{Heap before GC invocations=41 (full 0):
 garbage-first heap   total 131072K, used 115525K [0x00000000a0000000, 0x0000000100000000)
  region size 1024K, 6 young (6144K), 1 survivors (1024K)
 Metaspace       used 79273K, capacity 83130K, committed 83240K, reserved 1122304K
  class space    used 10300K, capacity 11446K, committed 11468K, reserved 1048576K
}
Event: 46.353 GC heap after
{Heap after GC invocations=42 (full 0):
 garbage-first heap   total 131072K, used 112225K [0x00000000a0000000, 0x0000000100000000)
  region size 1024K, 1 young (1024K), 1 survivors (1024K)
 Metaspace       used 79273K, capacity 83130K, committed 83240K, reserved 1122304K
  class space    used 10300K, capacity 11446K, committed 11468K, reserved 1048576K
}
Event: 46.670 GC heap before
{Heap before GC invocations=43 (full 0):
 garbage-first heap   total 131072K, used 117345K [0x00000000a0000000, 0x0000000100000000)
  region size 1024K, 6 young (6144K), 1 survivors (1024K)
 Metaspace       used 79330K, capacity 83221K, committed 83240K, reserved 1122304K
  class space    used 10307K, capacity 11454K, committed 11468K, reserved 1048576K
}
Event: 46.674 GC heap after
{Heap after GC invocations=44 (full 0):
 garbage-first heap   total 131072K, used 113284K [0x00000000a0000000, 0x0000000100000000)
  region size 1024K, 1 young (1024K), 1 survivors (1024K)
 Metaspace       used 79330K, capacity 83221K, committed 83240K, reserved 1122304K
  class space    used 10307K, capacity 11454K, committed 11468K, reserved 1048576K
}
Event: 46.850 GC heap before
{Heap before GC invocations=44 (full 0):
 garbage-first heap   total 131072K, used 117380K [0x00000000a0000000, 0x0000000100000000)
  region size 1024K, 6 young (6144K), 1 survivors (1024K)
 Metaspace       used 79339K, capacity 83221K, committed 83240K, reserved 1122304K
  class space    used 10307K, capacity 11454K, committed 11468K, reserved 1048576K
}
Event: 46.854 GC heap after
{Heap after GC invocations=45 (full 0):
 garbage-first heap   total 131072K, used 113688K [0x00000000a0000000, 0x0000000100000000)
  region size 1024K, 1 young (1024K), 1 survivors (1024K)
 Metaspace       used 79339K, capacity 83221K, committed 83240K, reserved 1122304K
  class space    used 10307K, capacity 11454K, committed 11468K, reserved 1048576K
}
Event: 47.268 GC heap before
{Heap before GC invocations=46 (full 0):
 garbage-first heap   total 131072K, used 118808K [0x00000000a0000000, 0x0000000100000000)
  region size 1024K, 6 young (6144K), 1 survivors (1024K)
 Metaspace       used 79404K, capacity 83345K, committed 83624K, reserved 1122304K
  class space    used 10317K, capacity 11494K, committed 11596K, reserved 1048576K
}
Event: 47.272 GC heap after
{Heap after GC invocations=47 (full 0):
 garbage-first heap   total 131072K, used 114521K [0x00000000a0000000, 0x0000000100000000)
  region size 1024K, 1 young (1024K), 1 survivors (1024K)
 Metaspace       used 79404K, capacity 83345K, committed 83624K, reserved 1122304K
  class space    used 10317K, capacity 11494K, committed 11596K, reserved 1048576K
}
Event: 47.492 GC heap before
{Heap before GC invocations=47 (full 0):
 garbage-first heap   total 131072K, used 119641K [0x00000000a0000000, 0x0000000100000000)
  region size 1024K, 6 young (6144K), 1 survivors (1024K)
 Metaspace       used 79445K, capacity 83473K, committed 83624K, reserved 1122304K
  class space    used 10319K, capacity 11494K, committed 11596K, reserved 1048576K
}
Event: 47.506 GC heap after
{Heap after GC invocations=48 (full 0):
 garbage-first heap   total 131072K, used 115680K [0x00000000a0000000, 0x0000000100000000)
  region size 1024K, 1 young (1024K), 1 survivors (1024K)
 Metaspace       used 79445K, capacity 83473K, committed 83624K, reserved 1122304K
  class space    used 10319K, capacity 11494K, committed 11596K, reserved 1048576K
}
Event: 48.086 GC heap before
{Heap before GC invocations=49 (full 0):
 garbage-first heap   total 131072K, used 122848K [0x00000000a0000000, 0x0000000100000000)
  region size 1024K, 6 young (6144K), 1 survivors (1024K)
 Metaspace       used 79458K, capacity 83473K, committed 83624K, reserved 1122304K
  class space    used 10319K, capacity 11494K, committed 11596K, reserved 1048576K
}

