# JRE version: Java(TM) SE Runtime Environment (8.0_291-b10) (build 1.8.0_291-b10)
# Java VM: Java HotSpot(TM) 64-Bit Server VM (25.291-b10 mixed mode windows-amd64 compressed oops)
Heap:
 PSYoungGen      total 426496K, used 54812K [0x00000000e0000000, 0x0000000100000000, 0x0000000100000000)
  eden space 378368K, 12% used [0x00000000e0000000,0x00000000e2ef38c8,0x00000000f7180000)
  from space 48128K, 13% used [0x00000000f7180000,0x00000000f7813888,0x00000000fa080000)
  to   space 47104K, 0% used [0x00000000fd200000,0x00000000fd200000,0x0000000100000000)
 ParOldGen       total 232448K, used 115853K [0x00000000a0000000, 0x00000000ae300000, 0x00000000e0000000)
  object space 232448K, 49% used [0x00000000a0000000,0x00000000a7123488,0x00000000ae300000)
 Metaspace       used 88393K, capacity 96572K, committed 96728K, reserved 1132544K
  class space    used 11989K, capacity 13457K, committed 13568K, reserved 1048576K
GC Heap History (10 events):
Event: 22.762 GC heap before
{Heap before GC invocations=19 (full 3):
 PSYoungGen      total 292864K, used 292832K [0x00000000e0000000, 0x00000000f8080000, 0x0000000100000000)
  eden space 274944K, 100% used [0x00000000e0000000,0x00000000f0c80000,0x00000000f0c80000)
  from space 17920K, 99% used [0x00000000f0c80000,0x00000000f1df8020,0x00000000f1e00000)
  to   space 28160K, 0% used [0x00000000f6500000,0x00000000f6500000,0x00000000f8080000)
 ParOldGen       total 114688K, used 55330K [0x00000000a0000000, 0x00000000a7000000, 0x00000000e0000000)
  object space 114688K, 48% used [0x00000000a0000000,0x00000000a3608928,0x00000000a7000000)
 Metaspace       used 80692K, capacity 87548K, committed 87768K, reserved 1124352K
  class space    used 11407K, capacity 12687K, committed 12800K, reserved 1048576K
Event: 23.011 GC heap after
Heap after GC invocations=19 (full 3):
 PSYoungGen      total 353280K, used 28155K [0x00000000e0000000, 0x00000000fb100000, 0x0000000100000000)
  eden space 325120K, 0% used [0x00000000e0000000,0x00000000e0000000,0x00000000f3d80000)
  from space 28160K, 99% used [0x00000000f6500000,0x00000000f807efc0,0x00000000f8080000)
  to   space 40448K, 0% used [0x00000000f3d80000,0x00000000f3d80000,0x00000000f6500000)
 ParOldGen       total 114688K, used 76197K [0x00000000a0000000, 0x00000000a7000000, 0x00000000e0000000)
  object space 114688K, 66% used [0x00000000a0000000,0x00000000a4a694c0,0x00000000a7000000)
 Metaspace       used 80692K, capacity 87548K, committed 87768K, reserved 1124352K
  class space    used 11407K, capacity 12687K, committed 12800K, reserved 1048576K
}
Event: 50.097 GC heap before
{Heap before GC invocations=20 (full 3):
 PSYoungGen      total 353280K, used 353275K [0x00000000e0000000, 0x00000000fb100000, 0x0000000100000000)
  eden space 325120K, 100% used [0x00000000e0000000,0x00000000f3d80000,0x00000000f3d80000)
  from space 28160K, 99% used [0x00000000f6500000,0x00000000f807efc0,0x00000000f8080000)
  to   space 40448K, 0% used [0x00000000f3d80000,0x00000000f3d80000,0x00000000f6500000)
 ParOldGen       total 114688K, used 76197K [0x00000000a0000000, 0x00000000a7000000, 0x00000000e0000000)
  object space 114688K, 66% used [0x00000000a0000000,0x00000000a4a694c0,0x00000000a7000000)
 Metaspace       used 83224K, capacity 90266K, committed 90456K, reserved 1126400K
  class space    used 11535K, capacity 12864K, committed 12928K, reserved 1048576K
Event: 50.222 GC heap after
Heap after GC invocations=20 (full 3):
 PSYoungGen      total 365568K, used 24235K [0x00000000e0000000, 0x00000000fc880000, 0x0000000100000000)
  eden space 325120K, 0% used [0x00000000e0000000,0x00000000e0000000,0x00000000f3d80000)
  from space 40448K, 59% used [0x00000000f3d80000,0x00000000f552adf0,0x00000000f6500000)
  to   space 40960K, 0% used [0x00000000fa080000,0x00000000fa080000,0x00000000fc880000)
 ParOldGen       total 114688K, used 98492K [0x00000000a0000000, 0x00000000a7000000, 0x00000000e0000000)
  object space 114688K, 85% used [0x00000000a0000000,0x00000000a602f280,0x00000000a7000000)
 Metaspace       used 83224K, capacity 90266K, committed 90456K, reserved 1126400K
  class space    used 11535K, capacity 12864K, committed 12928K, reserved 1048576K
}
Event: 50.222 GC heap before
{Heap before GC invocations=21 (full 4):
 PSYoungGen      total 365568K, used 24235K [0x00000000e0000000, 0x00000000fc880000, 0x0000000100000000)
  eden space 325120K, 0% used [0x00000000e0000000,0x00000000e0000000,0x00000000f3d80000)
  from space 40448K, 59% used [0x00000000f3d80000,0x00000000f552adf0,0x00000000f6500000)
  to   space 40960K, 0% used [0x00000000fa080000,0x00000000fa080000,0x00000000fc880000)
 ParOldGen       total 114688K, used 98492K [0x00000000a0000000, 0x00000000a7000000, 0x00000000e0000000)
  object space 114688K, 85% used [0x00000000a0000000,0x00000000a602f280,0x00000000a7000000)
 Metaspace       used 83224K, capacity 90266K, committed 90456K, reserved 1126400K
  class space    used 11535K, capacity 12864K, committed 12928K, reserved 1048576K
Event: 50.781 GC heap after
Heap after GC invocations=21 (full 4):
 PSYoungGen      total 365568K, used 0K [0x00000000e0000000, 0x00000000fc880000, 0x0000000100000000)
  eden space 325120K, 0% used [0x00000000e0000000,0x00000000e0000000,0x00000000f3d80000)
  from space 40448K, 0% used [0x00000000f3d80000,0x00000000f3d80000,0x00000000f6500000)
  to   space 40960K, 0% used [0x00000000fa080000,0x00000000fa080000,0x00000000fc880000)
 ParOldGen       total 232448K, used 110856K [0x00000000a0000000, 0x00000000ae300000, 0x00000000e0000000)
  object space 232448K, 47% used [0x00000000a0000000,0x00000000a6c422a8,0x00000000ae300000)
 Metaspace       used 83195K, capacity 90194K, committed 90456K, reserved 1126400K
  class space    used 11529K, capacity 12852K, committed 12928K, reserved 1048576K
}
Event: 58.197 GC heap before
{Heap before GC invocations=22 (full 4):
 PSYoungGen      total 365568K, used 325120K [0x00000000e0000000, 0x00000000fc880000, 0x0000000100000000)
  eden space 325120K, 100% used [0x00000000e0000000,0x00000000f3d80000,0x00000000f3d80000)
  from space 40448K, 0% used [0x00000000f3d80000,0x00000000f3d80000,0x00000000f6500000)
  to   space 40960K, 0% used [0x00000000fa080000,0x00000000fa080000,0x00000000fc880000)
 ParOldGen       total 232448K, used 110856K [0x00000000a0000000, 0x00000000ae300000, 0x00000000e0000000)
  object space 232448K, 47% used [0x00000000a0000000,0x00000000a6c422a8,0x00000000ae300000)
 Metaspace       used 87672K, capacity 95698K, committed 95832K, reserved 1132544K
  class space    used 11954K, capacity 13384K, committed 13440K, reserved 1048576K
Event: 58.248 GC heap after
Heap after GC invocations=22 (full 4):
 PSYoungGen      total 419328K, used 40957K [0x00000000e0000000, 0x00000000fd500000, 0x0000000100000000)
  eden space 378368K, 0% used [0x00000000e0000000,0x00000000e0000000,0x00000000f7180000)
  from space 40960K, 99% used [0x00000000fa080000,0x00000000fc87f6c8,0x00000000fc880000)
  to   space 48128K, 0% used [0x00000000f7180000,0x00000000f7180000,0x00000000fa080000)
 ParOldGen       total 232448K, used 111271K [0x00000000a0000000, 0x00000000ae300000, 0x00000000e0000000)
  object space 232448K, 47% used [0x00000000a0000000,0x00000000a6ca9fb8,0x00000000ae300000)
 Metaspace       used 87672K, capacity 95698K, committed 95832K, reserved 1132544K
  class space    used 11954K, capacity 13384K, committed 13440K, reserved 1048576K
}
Event: 87.827 GC heap before
{Heap before GC invocations=23 (full 4):
 PSYoungGen      total 419328K, used 419325K [0x00000000e0000000, 0x00000000fd500000, 0x0000000100000000)
  eden space 378368K, 100% used [0x00000000e0000000,0x00000000f7180000,0x00000000f7180000)
  from space 40960K, 99% used [0x00000000fa080000,0x00000000fc87f6c8,0x00000000fc880000)
  to   space 48128K, 0% used [0x00000000f7180000,0x00000000f7180000,0x00000000fa080000)
 ParOldGen       total 232448K, used 111271K [0x00000000a0000000, 0x00000000ae300000, 0x00000000e0000000)
  object space 232448K, 47% used [0x00000000a0000000,0x00000000a6ca9fb8,0x00000000ae300000)
 Metaspace       used 88291K, capacity 96454K, committed 96600K, reserved 1132544K
  class space    used 11976K, capacity 13438K, committed 13440K, reserved 1048576K
Event: 87.930 GC heap after
Heap after GC invocations=23 (full 4):
 PSYoungGen      total 426496K, used 6734K [0x00000000e0000000, 0x0000000100000000, 0x0000000100000000)
  eden space 378368K, 0% used [0x00000000e0000000,0x00000000e0000000,0x00000000f7180000)
  from space 48128K, 13% used [0x00000000f7180000,0x00000000f7813888,0x00000000fa080000)
  to   space 47104K, 0% used [0x00000000fd200000,0x00000000fd200000,0x0000000100000000)
 ParOldGen       total 232448K, used 115853K [0x00000000a0000000, 0x00000000ae300000, 0x00000000e0000000)
  object space 232448K, 49% used [0x00000000a0000000,0x00000000a7123488,0x00000000ae300000)
 Metaspace       used 88291K, capacity 96454K, committed 96600K, reserved 1132544K
  class space    used 11976K, capacity 13438K, committed 13440K, reserved 1048576K
}

