# JRE version: Java(TM) SE Runtime Environment (8.0_291-b10) (build 1.8.0_291-b10)
# Java VM: Java HotSpot(TM) 64-Bit Server VM (25.291-b10 mixed mode windows-amd64 compressed oops)
Heap:
 PSYoungGen      total 75776K, used 51087K [0x00000000e0000000, 0x00000000e5700000, 0x0000000100000000)
  eden space 65536K, 65% used [0x00000000e0000000,0x00000000e29d0688,0x00000000e4000000)
  from space 10240K, 80% used [0x00000000e4b00000,0x00000000e53136d0,0x00000000e5500000)
  to   space 11264K, 0% used [0x00000000e4000000,0x00000000e4000000,0x00000000e4b00000)
 ParOldGen       total 53248K, used 7510K [0x00000000a0000000, 0x00000000a3400000, 0x00000000e0000000)
  object space 53248K, 14% used [0x00000000a0000000,0x00000000a0755a38,0x00000000a3400000)
 Metaspace       used 31439K, capacity 32282K, committed 32384K, reserved 1077248K
  class space    used 4417K, capacity 4638K, committed 4736K, reserved 1048576K
GC Heap History (10 events):
Event: 5.257 GC heap before
{Heap before GC invocations=5 (full 0):
 PSYoungGen      total 38400K, used 38400K [0x00000000e0000000, 0x00000000e4b00000, 0x0000000100000000)
  eden space 33280K, 100% used [0x00000000e0000000,0x00000000e2080000,0x00000000e2080000)
  from space 5120K, 100% used [0x00000000e2580000,0x00000000e2a80000,0x00000000e2a80000)
  to   space 5120K, 0% used [0x00000000e2080000,0x00000000e2080000,0x00000000e2580000)
 ParOldGen       total 87552K, used 4307K [0x00000000a0000000, 0x00000000a5580000, 0x00000000e0000000)
  object space 87552K, 4% used [0x00000000a0000000,0x00000000a0434fc8,0x00000000a5580000)
 Metaspace       used 17105K, capacity 17690K, committed 17792K, reserved 1064960K
  class space    used 2479K, capacity 2651K, committed 2688K, reserved 1048576K
Event: 5.276 GC heap after
Heap after GC invocations=5 (full 0):
 PSYoungGen      total 38400K, used 5104K [0x00000000e0000000, 0x00000000e5500000, 0x0000000100000000)
  eden space 33280K, 0% used [0x00000000e0000000,0x00000000e0000000,0x00000000e2080000)
  from space 5120K, 99% used [0x00000000e2080000,0x00000000e257c030,0x00000000e2580000)
  to   space 10240K, 0% used [0x00000000e4b00000,0x00000000e4b00000,0x00000000e5500000)
 ParOldGen       total 87552K, used 7164K [0x00000000a0000000, 0x00000000a5580000, 0x00000000e0000000)
  object space 87552K, 8% used [0x00000000a0000000,0x00000000a06ff210,0x00000000a5580000)
 Metaspace       used 17105K, capacity 17690K, committed 17792K, reserved 1064960K
  class space    used 2479K, capacity 2651K, committed 2688K, reserved 1048576K
}
Event: 5.949 GC heap before
{Heap before GC invocations=6 (full 0):
 PSYoungGen      total 38400K, used 38384K [0x00000000e0000000, 0x00000000e5500000, 0x0000000100000000)
  eden space 33280K, 100% used [0x00000000e0000000,0x00000000e2080000,0x00000000e2080000)
  from space 5120K, 99% used [0x00000000e2080000,0x00000000e257c030,0x00000000e2580000)
  to   space 10240K, 0% used [0x00000000e4b00000,0x00000000e4b00000,0x00000000e5500000)
 ParOldGen       total 87552K, used 7164K [0x00000000a0000000, 0x00000000a5580000, 0x00000000e0000000)
  object space 87552K, 8% used [0x00000000a0000000,0x00000000a06ff210,0x00000000a5580000)
 Metaspace       used 19991K, capacity 20602K, committed 20864K, reserved 1067008K
  class space    used 2916K, capacity 3073K, committed 3200K, reserved 1048576K
Event: 5.966 GC heap after
Heap after GC invocations=6 (full 0):
 PSYoungGen      total 75776K, used 8734K [0x00000000e0000000, 0x00000000e5700000, 0x0000000100000000)
  eden space 65536K, 0% used [0x00000000e0000000,0x00000000e0000000,0x00000000e4000000)
  from space 10240K, 85% used [0x00000000e4b00000,0x00000000e53878e8,0x00000000e5500000)
  to   space 11264K, 0% used [0x00000000e4000000,0x00000000e4000000,0x00000000e4b00000)
 ParOldGen       total 87552K, used 7172K [0x00000000a0000000, 0x00000000a5580000, 0x00000000e0000000)
  object space 87552K, 8% used [0x00000000a0000000,0x00000000a0701210,0x00000000a5580000)
 Metaspace       used 19991K, capacity 20602K, committed 20864K, reserved 1067008K
  class space    used 2916K, capacity 3073K, committed 3200K, reserved 1048576K
}
Event: 6.126 GC heap before
{Heap before GC invocations=7 (full 0):
 PSYoungGen      total 75776K, used 20271K [0x00000000e0000000, 0x00000000e5700000, 0x0000000100000000)
  eden space 65536K, 17% used [0x00000000e0000000,0x00000000e0b446e0,0x00000000e4000000)
  from space 10240K, 85% used [0x00000000e4b00000,0x00000000e53878e8,0x00000000e5500000)
  to   space 11264K, 0% used [0x00000000e4000000,0x00000000e4000000,0x00000000e4b00000)
 ParOldGen       total 87552K, used 7172K [0x00000000a0000000, 0x00000000a5580000, 0x00000000e0000000)
  object space 87552K, 8% used [0x00000000a0000000,0x00000000a0701210,0x00000000a5580000)
 Metaspace       used 20562K, capacity 21146K, committed 21296K, reserved 1067008K
  class space    used 3006K, capacity 3169K, committed 3200K, reserved 1048576K
Event: 6.134 GC heap after
Heap after GC invocations=7 (full 0):
 PSYoungGen      total 76800K, used 4410K [0x00000000e0000000, 0x00000000e5700000, 0x0000000100000000)
  eden space 65536K, 0% used [0x00000000e0000000,0x00000000e0000000,0x00000000e4000000)
  from space 11264K, 39% used [0x00000000e4000000,0x00000000e444e8d0,0x00000000e4b00000)
  to   space 10240K, 0% used [0x00000000e4b00000,0x00000000e4b00000,0x00000000e5500000)
 ParOldGen       total 87552K, used 9572K [0x00000000a0000000, 0x00000000a5580000, 0x00000000e0000000)
  object space 87552K, 10% used [0x00000000a0000000,0x00000000a0959260,0x00000000a5580000)
 Metaspace       used 20562K, capacity 21146K, committed 21296K, reserved 1067008K
  class space    used 3006K, capacity 3169K, committed 3200K, reserved 1048576K
}
Event: 6.134 GC heap before
{Heap before GC invocations=8 (full 1):
 PSYoungGen      total 76800K, used 4410K [0x00000000e0000000, 0x00000000e5700000, 0x0000000100000000)
  eden space 65536K, 0% used [0x00000000e0000000,0x00000000e0000000,0x00000000e4000000)
  from space 11264K, 39% used [0x00000000e4000000,0x00000000e444e8d0,0x00000000e4b00000)
  to   space 10240K, 0% used [0x00000000e4b00000,0x00000000e4b00000,0x00000000e5500000)
 ParOldGen       total 87552K, used 9572K [0x00000000a0000000, 0x00000000a5580000, 0x00000000e0000000)
  object space 87552K, 10% used [0x00000000a0000000,0x00000000a0959260,0x00000000a5580000)
 Metaspace       used 20562K, capacity 21146K, committed 21296K, reserved 1067008K
  class space    used 3006K, capacity 3169K, committed 3200K, reserved 1048576K
Event: 6.187 GC heap after
Heap after GC invocations=8 (full 1):
 PSYoungGen      total 76800K, used 0K [0x00000000e0000000, 0x00000000e5700000, 0x0000000100000000)
  eden space 65536K, 0% used [0x00000000e0000000,0x00000000e0000000,0x00000000e4000000)
  from space 11264K, 0% used [0x00000000e4000000,0x00000000e4000000,0x00000000e4b00000)
  to   space 10240K, 0% used [0x00000000e4b00000,0x00000000e4b00000,0x00000000e5500000)
 ParOldGen       total 53248K, used 7502K [0x00000000a0000000, 0x00000000a3400000, 0x00000000e0000000)
  object space 53248K, 14% used [0x00000000a0000000,0x00000000a0753a38,0x00000000a3400000)
 Metaspace       used 20562K, capacity 21146K, committed 21296K, reserved 1067008K
  class space    used 3006K, capacity 3169K, committed 3200K, reserved 1048576K
}
Event: 7.180 GC heap before
{Heap before GC invocations=9 (full 1):
 PSYoungGen      total 76800K, used 65536K [0x00000000e0000000, 0x00000000e5700000, 0x0000000100000000)
  eden space 65536K, 100% used [0x00000000e0000000,0x00000000e4000000,0x00000000e4000000)
  from space 11264K, 0% used [0x00000000e4000000,0x00000000e4000000,0x00000000e4b00000)
  to   space 10240K, 0% used [0x00000000e4b00000,0x00000000e4b00000,0x00000000e5500000)
 ParOldGen       total 53248K, used 7502K [0x00000000a0000000, 0x00000000a3400000, 0x00000000e0000000)
  object space 53248K, 14% used [0x00000000a0000000,0x00000000a0753a38,0x00000000a3400000)
 Metaspace       used 28459K, capacity 29284K, committed 29440K, reserved 1075200K
  class space    used 4089K, capacity 4338K, committed 4352K, reserved 1048576K
Event: 7.187 GC heap after
Heap after GC invocations=9 (full 1):
 PSYoungGen      total 75776K, used 8269K [0x00000000e0000000, 0x00000000e5700000, 0x0000000100000000)
  eden space 65536K, 0% used [0x00000000e0000000,0x00000000e0000000,0x00000000e4000000)
  from space 10240K, 80% used [0x00000000e4b00000,0x00000000e53136d0,0x00000000e5500000)
  to   space 11264K, 0% used [0x00000000e4000000,0x00000000e4000000,0x00000000e4b00000)
 ParOldGen       total 53248K, used 7510K [0x00000000a0000000, 0x00000000a3400000, 0x00000000e0000000)
  object space 53248K, 14% used [0x00000000a0000000,0x00000000a0755a38,0x00000000a3400000)
 Metaspace       used 28459K, capacity 29284K, committed 29440K, reserved 1075200K
  class space    used 4089K, capacity 4338K, committed 4352K, reserved 1048576K
}

